<!DOCTYPE html PUBLIC "-//W3C//DTD XHTML 1.1//EN" "http://www.w3.org/TR/xhtml11/DTD/xhtml11.dtd">
<html xmlns="http://www.w3.org/1999/xhtml"><head><title>TestNG Report</title><style type="text/css">table {margin-bottom:10px;border-collapse:collapse;empty-cells:show}th,td {border:1px solid #009;padding:.25em .5em}th {vertical-align:bottom}td {vertical-align:top}table a {font-weight:bold}.stripe td {background-color: #E6EBF9}.num {text-align:right}.passedodd td {background-color: #3F3}.passedeven td {background-color: #0A0}.skippedodd td {background-color: #DDD}.skippedeven td {background-color: #CCC}.failedodd td,.attn {background-color: #F33}.failedeven td,.stripe .attn {background-color: #D00}.stacktrace {white-space:pre;font-family:monospace}.totop {font-size:85%;text-align:center;border-bottom:2px solid #000}</style></head><body><table><tr><th>Test</th><th># Passed</th><th># Skipped</th><th># Failed</th><th>Time (ms)</th><th>Included Groups</th><th>Excluded Groups</th></tr><tr><th colspan="7">Automation Test - TestNG</th></tr><tr><td><a href="#t0">Learning TestNG</a></td><td class="num">0</td><td class="num">0</td><td class="num attn">3</td><td class="num">33,882</td><td></td><td></td></tr></table><table><thead><tr><th>Class</th><th>Method</th><th>Start</th><th>Time (ms)</th></tr></thead><tbody><tr><th colspan="4">Automation Test - TestNG</th></tr></tbody><tbody id="t0"><tr><th colspan="4">Learning TestNG &#8212; failed</th></tr><tr class="failedeven"><td rowspan="3">ExcelParameters</td><td><a href="#m0">testFlight</a></td><td rowspan="3">1440957390647</td><td rowspan="3">9922</td></tr><tr class="failedeven"><td><a href="#m1">testFlight</a></td></tr><tr class="failedeven"><td><a href="#m2">testFlight</a></td></tr></tbody></table><h2>Learning TestNG</h2><h3 id="m0">ExcelParameters#testFlight</h3><table class="result"><tr class="param"><th>Parameter #1</th></tr><tr class="param stripe"><td>{destination=Orlando, origin=Las Vegas, adults=, arriving=9/8/2015, children=, departing=9/3/2015}</td></tr><tr><th>Exception</th></tr><tr><td><div class="stacktrace">org.openqa.selenium.NoSuchElementException: Cannot locate element with text: 
For documentation on this error, please visit: http://seleniumhq.org/exceptions/no_such_element.html
Build info: version: &apos;2.45.0&apos;, revision: &apos;32a636c&apos;, time: &apos;2015-03-05 22:01:35&apos;
System info: host: &apos;Mikitas-MacBook-Air.local&apos;, ip: &apos;10.0.0.8&apos;, os.name: &apos;Mac OS X&apos;, os.arch: &apos;x86_64&apos;, os.version: &apos;10.10.3&apos;, java.version: &apos;1.8.0_40&apos;
Driver info: driver.version: unknown
	at org.openqa.selenium.support.ui.Select.selectByVisibleText(Select.java:149)
	at ExcelParameters.testFlight(ExcelParameters.java:46)
... Removed 23 stack frames</div></td></tr></table><p class="totop"><a href="#summary">back to summary</a></p><h3 id="m1">ExcelParameters#testFlight</h3><table class="result"><tr class="param"><th>Parameter #1</th></tr><tr class="param stripe"><td>{destination=LRD, origin=New York, adults=, arriving=9/7/2015, children=, departing=9/2/2015}</td></tr><tr><th>Exception</th></tr><tr><td><div class="stacktrace">org.openqa.selenium.NoSuchElementException: Cannot locate element with text: 
For documentation on this error, please visit: http://seleniumhq.org/exceptions/no_such_element.html
Build info: version: &apos;2.45.0&apos;, revision: &apos;32a636c&apos;, time: &apos;2015-03-05 22:01:35&apos;
System info: host: &apos;Mikitas-MacBook-Air.local&apos;, ip: &apos;10.0.0.8&apos;, os.name: &apos;Mac OS X&apos;, os.arch: &apos;x86_64&apos;, os.version: &apos;10.10.3&apos;, java.version: &apos;1.8.0_40&apos;
Driver info: driver.version: unknown
	at org.openqa.selenium.support.ui.Select.selectByVisibleText(Select.java:149)
	at ExcelParameters.testFlight(ExcelParameters.java:46)
... Removed 23 stack frames</div></td></tr></table><p class="totop"><a href="#summary">back to summary</a></p><h3 id="m2">ExcelParameters#testFlight</h3><table class="result"><tr class="param"><th>Parameter #1</th></tr><tr class="param stripe"><td>{destination=HNL, origin=Chicago, adults=, arriving=9/6/2015, children=, departing=9/5/2015}</td></tr><tr><th>Exception</th></tr><tr><td><div class="stacktrace">org.openqa.selenium.NoSuchElementException: Cannot locate element with text: 
For documentation on this error, please visit: http://seleniumhq.org/exceptions/no_such_element.html
Build info: version: &apos;2.45.0&apos;, revision: &apos;32a636c&apos;, time: &apos;2015-03-05 22:01:35&apos;
System info: host: &apos;Mikitas-MacBook-Air.local&apos;, ip: &apos;10.0.0.8&apos;, os.name: &apos;Mac OS X&apos;, os.arch: &apos;x86_64&apos;, os.version: &apos;10.10.3&apos;, java.version: &apos;1.8.0_40&apos;
Driver info: driver.version: unknown
	at org.openqa.selenium.support.ui.Select.selectByVisibleText(Select.java:149)
	at ExcelParameters.testFlight(ExcelParameters.java:46)
... Removed 23 stack frames</div></td></tr></table><p class="totop"><a href="#summary">back to summary</a></p></body></html>